0 info it worked if it ends with ok
1 verbose cli [ '/usr/bin/node',
1 verbose cli   '/usr/bin/npm',
1 verbose cli   'install',
1 verbose cli   'karma',
1 verbose cli   'karma-jasmine',
1 verbose cli   'karma-chrome-' ]
2 info using npm@1.4.28
3 info using node@v0.10.33
4 verbose node symlink /usr/bin/node
5 warn package.json calendar-app@1.0.0 No README data
6 warn package.json karma-chrome-launcher@0.1.7 No README data
7 verbose readDependencies using package.json deps
8 verbose cache add [ 'karma@^0.12.31', null ]
9 verbose cache add name=undefined spec="karma@^0.12.31" args=["karma@^0.12.31",null]
10 verbose parsed url { protocol: null,
10 verbose parsed url   slashes: null,
10 verbose parsed url   auth: null,
10 verbose parsed url   host: null,
10 verbose parsed url   port: null,
10 verbose parsed url   hostname: null,
10 verbose parsed url   hash: null,
10 verbose parsed url   search: null,
10 verbose parsed url   query: null,
10 verbose parsed url   pathname: 'karma@^0.12.31',
10 verbose parsed url   path: 'karma@^0.12.31',
10 verbose parsed url   href: 'karma@^0.12.31' }
11 verbose cache add [ 'karma-jasmine@^0.3.5', null ]
12 verbose cache add name=undefined spec="karma-jasmine@^0.3.5" args=["karma-jasmine@^0.3.5",null]
13 verbose parsed url { protocol: null,
13 verbose parsed url   slashes: null,
13 verbose parsed url   auth: null,
13 verbose parsed url   host: null,
13 verbose parsed url   port: null,
13 verbose parsed url   hostname: null,
13 verbose parsed url   hash: null,
13 verbose parsed url   search: null,
13 verbose parsed url   query: null,
13 verbose parsed url   pathname: 'karma-jasmine@^0.3.5',
13 verbose parsed url   path: 'karma-jasmine@^0.3.5',
13 verbose parsed url   href: 'karma-jasmine@^0.3.5' }
14 verbose cache add [ 'karma-chrome-', null ]
15 verbose cache add name=undefined spec="karma-chrome-" args=["karma-chrome-",null]
16 verbose parsed url { protocol: null,
16 verbose parsed url   slashes: null,
16 verbose parsed url   auth: null,
16 verbose parsed url   host: null,
16 verbose parsed url   port: null,
16 verbose parsed url   hostname: null,
16 verbose parsed url   hash: null,
16 verbose parsed url   search: null,
16 verbose parsed url   query: null,
16 verbose parsed url   pathname: 'karma-chrome-',
16 verbose parsed url   path: 'karma-chrome-',
16 verbose parsed url   href: 'karma-chrome-' }
17 verbose cache add name="karma" spec="^0.12.31" args=["karma","^0.12.31"]
18 verbose parsed url { protocol: null,
18 verbose parsed url   slashes: null,
18 verbose parsed url   auth: null,
18 verbose parsed url   host: null,
18 verbose parsed url   port: null,
18 verbose parsed url   hostname: null,
18 verbose parsed url   hash: null,
18 verbose parsed url   search: null,
18 verbose parsed url   query: null,
18 verbose parsed url   pathname: '^0.12.31',
18 verbose parsed url   path: '^0.12.31',
18 verbose parsed url   href: '^0.12.31' }
19 verbose addNamed [ 'karma', '^0.12.31' ]
20 verbose addNamed [ null, '>=0.12.31-0 <0.13.0-0' ]
21 verbose cache add name="karma-jasmine" spec="^0.3.5" args=["karma-jasmine","^0.3.5"]
22 verbose parsed url { protocol: null,
22 verbose parsed url   slashes: null,
22 verbose parsed url   auth: null,
22 verbose parsed url   host: null,
22 verbose parsed url   port: null,
22 verbose parsed url   hostname: null,
22 verbose parsed url   hash: null,
22 verbose parsed url   search: null,
22 verbose parsed url   query: null,
22 verbose parsed url   pathname: '^0.3.5',
22 verbose parsed url   path: '^0.3.5',
22 verbose parsed url   href: '^0.3.5' }
23 verbose addNamed [ 'karma-jasmine', '^0.3.5' ]
24 verbose addNamed [ null, '>=0.3.5-0 <0.4.0-0' ]
25 silly lockFile 7ba4ac91-karma-0-12-31 karma@^0.12.31
26 verbose lock karma@^0.12.31 /home/ud/.npm/7ba4ac91-karma-0-12-31.lock
27 silly lockFile b0acc008-karma-jasmine-0-3-5 karma-jasmine@^0.3.5
28 verbose lock karma-jasmine@^0.3.5 /home/ud/.npm/b0acc008-karma-jasmine-0-3-5.lock
29 silly lockFile 863c20be-karma-chrome karma-chrome-
30 verbose lock karma-chrome- /home/ud/.npm/863c20be-karma-chrome.lock
31 silly addNameRange { name: 'karma', range: '>=0.12.31-0 <0.13.0-0', hasData: false }
32 silly addNameRange { name: 'karma-jasmine',
32 silly addNameRange   range: '>=0.3.5-0 <0.4.0-0',
32 silly addNameRange   hasData: false }
33 silly lockFile 863c20be-karma-chrome karma-chrome-
34 silly lockFile 863c20be-karma-chrome karma-chrome-
35 verbose addNamed [ 'karma-chrome-', '' ]
36 verbose addNamed [ null, '*' ]
37 silly lockFile c16161b5-karma-chrome karma-chrome-@
38 verbose lock karma-chrome-@ /home/ud/.npm/c16161b5-karma-chrome.lock
39 verbose request where is /karma
40 verbose request registry https://registry.npmjs.org/
41 verbose request id 58e0a9d0245c7fab
42 verbose url raw /karma
43 verbose url resolving [ 'https://registry.npmjs.org/', './karma' ]
44 verbose url resolved https://registry.npmjs.org/karma
45 verbose request where is https://registry.npmjs.org/karma
46 info trying registry request attempt 1 at 11:42:45
47 verbose etag "E76PICMHZ3AI1PFGEHSBY355R"
48 http GET https://registry.npmjs.org/karma
49 silly addNameRange { name: 'karma-chrome-', range: '*', hasData: false }
50 verbose request where is /karma-jasmine
51 verbose request registry https://registry.npmjs.org/
52 verbose url raw /karma-jasmine
53 verbose url resolving [ 'https://registry.npmjs.org/', './karma-jasmine' ]
54 verbose url resolved https://registry.npmjs.org/karma-jasmine
55 verbose request where is https://registry.npmjs.org/karma-jasmine
56 info trying registry request attempt 1 at 11:42:45
57 verbose etag "57FWKVZWXA8GGLE64XJZ4M38L"
58 http GET https://registry.npmjs.org/karma-jasmine
59 verbose request where is /karma-chrome-
60 verbose request registry https://registry.npmjs.org/
61 verbose url raw /karma-chrome-
62 verbose url resolving [ 'https://registry.npmjs.org/', './karma-chrome-' ]
63 verbose url resolved https://registry.npmjs.org/karma-chrome-
64 verbose request where is https://registry.npmjs.org/karma-chrome-
65 info trying registry request attempt 1 at 11:42:45
66 http GET https://registry.npmjs.org/karma-chrome-
67 http 304 https://registry.npmjs.org/karma-jasmine
68 silly registry.get cb [ 304,
68 silly registry.get   { date: 'Thu, 12 Mar 2015 10:42:45 GMT',
68 silly registry.get     server: 'Apache',
68 silly registry.get     via: '1.1 varnish',
68 silly registry.get     'last-modified': 'Thu, 12 Mar 2015 10:42:45 GMT',
68 silly registry.get     'cache-control': 'max-age=60',
68 silly registry.get     etag: '"57FWKVZWXA8GGLE64XJZ4M38L"',
68 silly registry.get     age: '54',
68 silly registry.get     'x-served-by': 'cache-lcy1135-LCY',
68 silly registry.get     'x-cache': 'HIT',
68 silly registry.get     'x-cache-hits': '1',
68 silly registry.get     'x-timer': 'S1426156965.956194,VS0,VE0',
68 silly registry.get     vary: 'Accept',
68 silly registry.get     'content-length': '0',
68 silly registry.get     'keep-alive': 'timeout=10, max=50',
68 silly registry.get     connection: 'Keep-Alive' } ]
69 verbose etag https://registry.npmjs.org/karma-jasmine from cache
70 silly addNameRange number 2 { name: 'karma-jasmine',
70 silly addNameRange   range: '>=0.3.5-0 <0.4.0-0',
70 silly addNameRange   hasData: true }
71 silly addNameRange versions [ 'karma-jasmine',
71 silly addNameRange   [ '0.0.1',
71 silly addNameRange     '0.0.2',
71 silly addNameRange     '0.0.3',
71 silly addNameRange     '0.1.0',
71 silly addNameRange     '0.1.1',
71 silly addNameRange     '0.1.2',
71 silly addNameRange     '0.1.3',
71 silly addNameRange     '0.1.4',
71 silly addNameRange     '0.1.5',
71 silly addNameRange     '0.2.0',
71 silly addNameRange     '0.2.1',
71 silly addNameRange     '0.2.2',
71 silly addNameRange     '0.2.3',
71 silly addNameRange     '0.3.0',
71 silly addNameRange     '0.3.1',
71 silly addNameRange     '0.3.2',
71 silly addNameRange     '0.3.3',
71 silly addNameRange     '0.3.4',
71 silly addNameRange     '0.3.5' ] ]
72 verbose addNamed [ 'karma-jasmine', '0.3.5' ]
73 verbose addNamed [ '0.3.5', '0.3.5' ]
74 silly lockFile b510234b-karma-jasmine-0-3-5 karma-jasmine@0.3.5
75 verbose lock karma-jasmine@0.3.5 /home/ud/.npm/b510234b-karma-jasmine-0-3-5.lock
76 silly lockFile b510234b-karma-jasmine-0-3-5 karma-jasmine@0.3.5
77 silly lockFile b510234b-karma-jasmine-0-3-5 karma-jasmine@0.3.5
78 http 304 https://registry.npmjs.org/karma
79 silly registry.get cb [ 304,
79 silly registry.get   { date: 'Thu, 12 Mar 2015 10:42:45 GMT',
79 silly registry.get     server: 'Apache',
79 silly registry.get     via: '1.1 varnish',
79 silly registry.get     'last-modified': 'Thu, 12 Mar 2015 10:42:45 GMT',
79 silly registry.get     'cache-control': 'max-age=60',
79 silly registry.get     etag: '"E76PICMHZ3AI1PFGEHSBY355R"',
79 silly registry.get     age: '19',
79 silly registry.get     'x-served-by': 'cache-fra1225-FRA',
79 silly registry.get     'x-cache': 'HIT',
79 silly registry.get     'x-cache-hits': '2',
79 silly registry.get     'x-timer': 'S1426156965.992679,VS0,VE0',
79 silly registry.get     vary: 'Accept',
79 silly registry.get     'content-length': '0',
79 silly registry.get     'keep-alive': 'timeout=10, max=50',
79 silly registry.get     connection: 'Keep-Alive' } ]
80 verbose etag https://registry.npmjs.org/karma from cache
81 silly lockFile b0acc008-karma-jasmine-0-3-5 karma-jasmine@^0.3.5
82 silly lockFile b0acc008-karma-jasmine-0-3-5 karma-jasmine@^0.3.5
83 silly addNameRange number 2 { name: 'karma', range: '>=0.12.31-0 <0.13.0-0', hasData: true }
84 silly addNameRange versions [ 'karma',
84 silly addNameRange   [ '0.8.0',
84 silly addNameRange     '0.9.0-dart',
84 silly addNameRange     '0.8.1',
84 silly addNameRange     '0.8.2',
84 silly addNameRange     '0.8.3',
84 silly addNameRange     '0.9.0',
84 silly addNameRange     '0.8.4',
84 silly addNameRange     '0.9.1',
84 silly addNameRange     '0.8.5',
84 silly addNameRange     '0.9.2',
84 silly addNameRange     '0.9.2-dart',
84 silly addNameRange     '0.9.3',
84 silly addNameRange     '0.8.6',
84 silly addNameRange     '0.9.4',
84 silly addNameRange     '0.8.7',
84 silly addNameRange     '0.9.5',
84 silly addNameRange     '0.9.6',
84 silly addNameRange     '0.8.8',
84 silly addNameRange     '0.9.7',
84 silly addNameRange     '0.9.8',
84 silly addNameRange     '0.10.0',
84 silly addNameRange     '0.10.1',
84 silly addNameRange     '0.10.2',
84 silly addNameRange     '0.11.0',
84 silly addNameRange     '0.11.1',
84 silly addNameRange     '0.10.3',
84 silly addNameRange     '0.10.4',
84 silly addNameRange     '0.11.2',
84 silly addNameRange     '0.11.3',
84 silly addNameRange     '0.10.5',
84 silly addNameRange     '0.11.4',
84 silly addNameRange     '0.11.5',
84 silly addNameRange     '0.10.6',
84 silly addNameRange     '0.11.6',
84 silly addNameRange     '0.10.7',
84 silly addNameRange     '0.11.7',
84 silly addNameRange     '0.11.8',
84 silly addNameRange     '0.11.9',
84 silly addNameRange     '0.10.8',
84 silly addNameRange     '0.11.10',
84 silly addNameRange     '0.11.11',
84 silly addNameRange     '0.11.12',
84 silly addNameRange     '0.11.11-dev',
84 silly addNameRange     '0.10.9',
84 silly addNameRange     '0.11.12-dev',
84 silly addNameRange     '0.11.12-dev2',
84 silly addNameRange     '0.11.13',
84 silly addNameRange     '0.11.14',
84 silly addNameRange     '0.12.0',
84 silly addNameRange     '0.10.10',
84 silly addNameRange     '0.12.1',
84 silly addNameRange     '0.12.2',
84 silly addNameRange     '0.12.3',
84 silly addNameRange     '0.12.4',
84 silly addNameRange     '0.12.5',
84 silly addNameRange     '0.12.6',
84 silly addNameRange     '0.12.6-beta-43e6e28',
84 silly addNameRange     '0.12.7',
84 silly addNameRange     '0.12.8',
84 silly addNameRange     '0.12.9',
84 silly addNameRange     '0.12.10',
84 silly addNameRange     '0.12.11',
84 silly addNameRange     '0.12.12',
84 silly addNameRange     '0.12.11-beta-3029418',
84 silly addNameRange     '0.12.13',
84 silly addNameRange     '0.12.14',
84 silly addNameRange     '0.12.15',
84 silly addNameRange     '0.12.16',
84 silly addNameRange     '0.12.16-beta-905422d',
84 silly addNameRange     '0.12.17',
84 silly addNameRange     '0.12.18',
84 silly addNameRange     '0.12.19',
84 silly addNameRange     '0.12.20',
84 silly addNameRange     '0.12.21',
84 silly addNameRange     '0.12.22',
84 silly addNameRange     '0.12.23',
84 silly addNameRange     '0.12.24',
84 silly addNameRange     '0.12.24-beta-6cf7955',
84 silly addNameRange     '0.12.25',
84 silly addNameRange     '0.12.25-beta-37a7958',
84 silly addNameRange     '0.12.25-beta-ad5bc24',
84 silly addNameRange     '0.12.26',
84 silly addNameRange     '0.12.27',
84 silly addNameRange     '0.12.28',
84 silly addNameRange     '0.12.28-beta-b9be580',
84 silly addNameRange     '0.12.29',
84 silly addNameRange     '0.12.30',
84 silly addNameRange     '0.12.31',
84 silly addNameRange     '0.12.28-beta-f65c864',
84 silly addNameRange     '0.12.24-dev-test',
84 silly addNameRange     '0.12.24-dev-socketio10',
84 silly addNameRange     '0.12.24-dev-socketio10-2',
84 silly addNameRange     '0.12.32-beta.0',
84 silly addNameRange     '0.12.32' ] ]
85 verbose addNamed [ 'karma', '0.12.31' ]
86 verbose addNamed [ '0.12.31', '0.12.31' ]
87 silly lockFile feea9de1-karma-0-12-31 karma@0.12.31
88 verbose lock karma@0.12.31 /home/ud/.npm/feea9de1-karma-0-12-31.lock
89 silly lockFile feea9de1-karma-0-12-31 karma@0.12.31
90 silly lockFile feea9de1-karma-0-12-31 karma@0.12.31
91 silly lockFile 7ba4ac91-karma-0-12-31 karma@^0.12.31
92 silly lockFile 7ba4ac91-karma-0-12-31 karma@^0.12.31
93 http 404 https://registry.npmjs.org/karma-chrome-
94 verbose headers { date: 'Thu, 12 Mar 2015 10:42:46 GMT',
94 verbose headers   server: 'CouchDB/1.5.0 (Erlang OTP/R16B03)',
94 verbose headers   'content-type': 'application/json',
94 verbose headers   'cache-control': 'max-age=0',
94 verbose headers   'content-length': '52',
94 verbose headers   'accept-ranges': 'bytes',
94 verbose headers   via: '1.1 varnish',
94 verbose headers   age: '0',
94 verbose headers   'x-served-by': 'cache-lcy1128-LCY',
94 verbose headers   'x-cache': 'MISS',
94 verbose headers   'x-cache-hits': '0',
94 verbose headers   'x-timer': 'S1426156966.372127,VS0,VE353',
94 verbose headers   'keep-alive': 'timeout=10, max=50',
94 verbose headers   connection: 'Keep-Alive' }
95 silly registry.get cb [ 404,
95 silly registry.get   { date: 'Thu, 12 Mar 2015 10:42:46 GMT',
95 silly registry.get     server: 'CouchDB/1.5.0 (Erlang OTP/R16B03)',
95 silly registry.get     'content-type': 'application/json',
95 silly registry.get     'cache-control': 'max-age=0',
95 silly registry.get     'content-length': '52',
95 silly registry.get     'accept-ranges': 'bytes',
95 silly registry.get     via: '1.1 varnish',
95 silly registry.get     age: '0',
95 silly registry.get     'x-served-by': 'cache-lcy1128-LCY',
95 silly registry.get     'x-cache': 'MISS',
95 silly registry.get     'x-cache-hits': '0',
95 silly registry.get     'x-timer': 'S1426156966.372127,VS0,VE353',
95 silly registry.get     'keep-alive': 'timeout=10, max=50',
95 silly registry.get     connection: 'Keep-Alive' } ]
96 silly lockFile c16161b5-karma-chrome karma-chrome-@
97 silly lockFile c16161b5-karma-chrome karma-chrome-@
98 error 404 404 Not Found: karma-chrome-
98 error 404
98 error 404 'karma-chrome-' is not in the npm registry.
98 error 404 You should bug the author to publish it
98 error 404 It was specified as a dependency of 'calendar-app'
98 error 404
98 error 404 Note that you can also install from a
98 error 404 tarball, folder, or http url, or git url.
99 error System Linux 3.13.0-32-generic
100 error command "/usr/bin/node" "/usr/bin/npm" "install" "karma" "karma-jasmine" "karma-chrome-"
101 error cwd /home/ud/Dropbox/www/labs/calendar-app
102 error node -v v0.10.33
103 error npm -v 1.4.28
104 error code E404
105 verbose exit [ 1, true ]
